[debug] [2020-05-17T09:57:12.810Z] ----------------------------------------------------------------------
[debug] [2020-05-17T09:57:12.811Z] Command:       /home/perennial/.nvm/versions/node/v10.16.3/bin/node /home/perennial/.nvm/versions/node/v10.16.3/bin/firebase deploy
[debug] [2020-05-17T09:57:12.812Z] CLI Version:   8.2.0
[debug] [2020-05-17T09:57:12.812Z] Platform:      linux
[debug] [2020-05-17T09:57:12.812Z] Node Version:  v10.16.3
[debug] [2020-05-17T09:57:12.812Z] Time:          Sun May 17 2020 15:27:12 GMT+0530 (India Standard Time)
[debug] [2020-05-17T09:57:12.812Z] ----------------------------------------------------------------------
[debug] [2020-05-17T09:57:12.812Z] 
[debug] [2020-05-17T09:57:12.821Z] > command requires scopes: ["email","openid","https://www.googleapis.com/auth/cloudplatformprojects.readonly","https://www.googleapis.com/auth/firebase","https://www.googleapis.com/auth/cloud-platform"]
[debug] [2020-05-17T09:57:12.822Z] > authorizing via signed-in user
[debug] [2020-05-17T09:57:12.822Z] [iam] checking project clock-3aa76 for permissions ["firebase.projects.get","firebasehosting.sites.update"]
[debug] [2020-05-17T09:57:12.823Z] > refreshing access token with scopes: ["email","https://www.googleapis.com/auth/cloud-platform","https://www.googleapis.com/auth/cloudplatformprojects.readonly","https://www.googleapis.com/auth/firebase","openid"]
[debug] [2020-05-17T09:57:12.824Z] >>> HTTP REQUEST POST https://www.googleapis.com/oauth2/v3/token  
 <request body omitted>
[debug] [2020-05-17T09:57:12.839Z] [iam] error while checking permissions, command may fail: FirebaseError: Authentication Error: Your credentials are no longer valid. Please run firebase login --reauth

For CI servers and headless environments, generate a new token with firebase login:ci
[debug] [2020-05-17T09:57:12.839Z] > refreshing access token with scopes: ["email","https://www.googleapis.com/auth/cloud-platform","https://www.googleapis.com/auth/cloudplatformprojects.readonly","https://www.googleapis.com/auth/firebase","openid"]
[debug] [2020-05-17T09:57:12.840Z] >>> HTTP REQUEST POST https://www.googleapis.com/oauth2/v3/token  
 <request body omitted>
[debug] [2020-05-17T09:57:12.842Z] Authentication Error: Your credentials are no longer valid. Please run firebase login --reauth

For CI servers and headless environments, generate a new token with firebase login:ci
[debug] [2020-05-17T09:57:12.849Z] FirebaseError: Authentication Error: Your credentials are no longer valid. Please run firebase login --reauth

For CI servers and headless environments, generate a new token with firebase login:ci
    at Object.<anonymous> (/home/perennial/.nvm/versions/node/v10.16.3/lib/node_modules/firebase-tools/lib/auth.js:23:32)
    at Module._compile (internal/modules/cjs/loader.js:778:30)
    at Object.Module._extensions..js (internal/modules/cjs/loader.js:789:10)
    at Module.load (internal/modules/cjs/loader.js:653:32)
    at tryModuleLoad (internal/modules/cjs/loader.js:593:12)
    at Function.Module._load (internal/modules/cjs/loader.js:585:3)
    at Module.require (internal/modules/cjs/loader.js:692:17)
    at require (internal/modules/cjs/helpers.js:25:18)
    at Object.<anonymous> (/home/perennial/.nvm/versions/node/v10.16.3/lib/node_modules/firebase-tools/lib/commands/login.js:20:14)
    at Module._compile (internal/modules/cjs/loader.js:778:30)
    at Object.Module._extensions..js (internal/modules/cjs/loader.js:789:10)
    at Module.load (internal/modules/cjs/loader.js:653:32)
    at tryModuleLoad (internal/modules/cjs/loader.js:593:12)
    at Function.Module._load (internal/modules/cjs/loader.js:585:3)
    at Module.require (internal/modules/cjs/loader.js:692:17)
    at require (internal/modules/cjs/helpers.js:25:18)
[error] 
[error] Error: Failed to get Firebase project clock-3aa76. Please make sure the project exists and your account has permission to access it.
